\BOOKMARK [0][-]{section*.2}{\376\377\000L\000o\000r\000e\000n\000t\000z\000i\000a\000n\000\040\000B\000o\000u\000n\000d\000a\000r\000y\000\040\000K\000e\000r\000n\000e\000l\000s\000\040\000a\000s\000\040\000a\000\040\000C\000o\000m\000p\000a\000c\000t\000i\000f\000i\000c\000a\000t\000i\000o\000n\000\040\000T\000e\000s\000t\000\040\000f\000o\000r\000\040\000P\000r\000i\000m\000o\000r\000d\000i\000a\000l\000\040\000C\000o\000s\000m\000o\000l\000o\000g\000y}{}% 2
\BOOKMARK [1][-]{section*.1}{\376\377\000A\000b\000s\000t\000r\000a\000c\000t}{section*.2}% 1
\BOOKMARK [1][-]{section*.3}{\376\377\000I\000n\000t\000r\000o\000d\000u\000c\000t\000i\000o\000n}{section*.2}% 3
\BOOKMARK [1][-]{section*.4}{\376\377\000T\000h\000e\000\040\000c\000o\000n\000s\000t\000r\000a\000i\000n\000e\000d\000\040\000L\000o\000r\000e\000n\000t\000z\000i\000a\000n\000\040\000b\000o\000u\000n\000d\000a\000r\000y\000\040\000k\000e\000r\000n\000e\000l}{section*.2}% 4
\BOOKMARK [2][-]{section*.5}{\376\377\000W\000a\000v\000e\000\040\000f\000u\000n\000c\000t\000i\000o\000n\000a\000l\000\040\000a\000n\000d\000\040\000s\000a\000d\000d\000l\000e\000\040\000w\000i\000d\000t\000h}{section*.4}% 5
\BOOKMARK [2][-]{section*.6}{\376\377\000C\000o\000n\000s\000t\000r\000a\000i\000n\000t\000s\000\040\000a\000n\000d\000\040\000p\000h\000y\000s\000i\000c\000a\000l\000\040\000v\000a\000r\000i\000a\000b\000l\000e\000s}{section*.4}% 6
\BOOKMARK [2][-]{section*.7}{\376\377\000M\000o\000v\000i\000n\000g\000\040\000t\000h\000e\000\040\000b\000o\000u\000n\000d\000a\000r\000y}{section*.4}% 7
\BOOKMARK [1][-]{section*.8}{\376\377\000C\000M\000B\000\040\000o\000b\000s\000e\000r\000v\000a\000b\000l\000e\000s\000\040\000f\000r\000o\000m\000\040\000t\000h\000e\000\040\000k\000e\000r\000n\000e\000l}{section*.2}% 8
\BOOKMARK [2][-]{section*.9}{\376\377\000R\000e\000c\000o\000v\000e\000r\000y\000\040\000o\000f\000\040\000t\000h\000e\000\040\000s\000t\000a\000n\000d\000a\000r\000d\000\040\000r\000e\000s\000u\000l\000t}{section*.8}% 9
\BOOKMARK [1][-]{section*.10}{\376\377\000H\000o\000w\000\040\000c\000o\000m\000p\000a\000c\000t\000i\000f\000i\000c\000a\000t\000i\000o\000n\000\040\000d\000a\000t\000a\000\040\000e\000n\000t\000e\000r}{section*.2}% 10
\BOOKMARK [1][-]{section*.11}{\376\377\000W\000o\000r\000k\000e\000d\000\040\000E\000x\000a\000m\000p\000l\000e\000:\000\040\000M\0004\000S\0002\000C\000P\0002}{section*.2}% 11
\BOOKMARK [2][-]{section*.12}{\376\377\000B\000a\000c\000k\000g\000r\000o\000u\000n\000d\000\040\000a\000n\000d\000\040\000f\000l\000u\000x\000\040\000b\000r\000a\000n\000c\000h\000e\000s}{section*.11}% 12
\BOOKMARK [2][-]{section*.13}{\376\377\000I\000n\000t\000e\000r\000n\000a\000l\000\040\000s\000p\000e\000c\000t\000r\000a}{section*.11}% 13
\BOOKMARK [2][-]{section*.14}{\376\377\000Q\000u\000a\000d\000r\000a\000t\000i\000c\000\040\000k\000e\000r\000n\000e\000l}{section*.11}% 14
\BOOKMARK [2][-]{section*.15}{\376\377\000W\000h\000a\000t\000\040\000c\000a\000n\000\040\000m\000a\000k\000e\000\040\000t\000h\000e\000\040\000b\000r\000a\000n\000c\000h\000e\000s\000\040\000d\000i\000f\000f\000e\000r}{section*.11}% 15
\BOOKMARK [1][-]{section*.16}{\376\377\000M\0004\000S\0003\000S\0003\000\040\000a\000s\000\040\000a\000\040\000c\000o\000n\000t\000r\000o\000l}{section*.2}% 16
\BOOKMARK [1][-]{section*.17}{\376\377\000A\000\040\000p\000r\000a\000c\000t\000i\000c\000a\000l\000\040\000C\000M\000B\000\040\000a\000c\000c\000e\000p\000t\000a\000b\000i\000l\000i\000t\000y\000\040\000t\000e\000s\000t}{section*.2}% 17
\BOOKMARK [2][-]{section*.18}{\376\377\000S\000t\000a\000g\000e\000\040\0001\000:\000\040\000b\000a\000c\000k\000g\000r\000o\000u\000n\000d\000\040\000v\000i\000a\000b\000i\000l\000i\000t\000y}{section*.17}% 18
\BOOKMARK [2][-]{section*.19}{\376\377\000S\000t\000a\000g\000e\000\040\0002\000:\000\040\000k\000e\000r\000n\000e\000l\000\040\000v\000i\000a\000b\000i\000l\000i\000t\000y}{section*.17}% 19
\BOOKMARK [2][-]{section*.20}{\376\377\000S\000t\000a\000g\000e\000\040\0003\000:\000\040\000p\000r\000i\000m\000o\000r\000d\000i\000a\000l\000\040\000o\000b\000s\000e\000r\000v\000a\000b\000l\000e\000s}{section*.17}% 20
\BOOKMARK [2][-]{section*.21}{\376\377\000S\000t\000a\000g\000e\000\040\0004\000:\000\040\000d\000i\000s\000t\000i\000n\000g\000u\000i\000s\000h\000a\000b\000i\000l\000i\000t\000y}{section*.17}% 21
\BOOKMARK [1][-]{section*.22}{\376\377\000D\000i\000s\000c\000u\000s\000s\000i\000o\000n}{section*.2}% 22
\BOOKMARK [2][-]{section*.23}{\376\377\000W\000h\000a\000t\000\040\000i\000s\000\040\000n\000e\000w\000\040\000a\000n\000d\000\040\000w\000h\000a\000t\000\040\000i\000s\000\040\000n\000o\000t}{section*.22}% 23
\BOOKMARK [2][-]{section*.24}{\376\377\000C\000a\000n\000\040\000t\000h\000e\000\040\000C\000M\000B\000\040\000d\000e\000t\000e\000r\000m\000i\000n\000e\000\040\000t\000h\000e\000\040\000m\000a\000n\000i\000f\000o\000l\000d\000?}{section*.22}% 24
\BOOKMARK [2][-]{section*.25}{\376\377\000R\000e\000l\000a\000t\000i\000o\000n\000\040\000t\000o\000\040\000a\000n\000\040\000e\000a\000r\000l\000y\000\040\000h\000i\000g\000h\000-\000c\000u\000r\000v\000a\000t\000u\000r\000e\000\040\000b\000o\000u\000n\000d\000a\000r\000y}{section*.22}% 25
\BOOKMARK [2][-]{section*.26}{\376\377\000L\000i\000m\000i\000t\000a\000t\000i\000o\000n\000s}{section*.22}% 26
\BOOKMARK [1][-]{section*.27}{\376\377\000C\000o\000n\000c\000l\000u\000s\000i\000o\000n}{section*.2}% 27
\BOOKMARK [1][-]{section*.28}{\376\377\000G\000a\000u\000s\000s\000i\000a\000n\000\040\000i\000n\000t\000e\000g\000r\000a\000t\000i\000o\000n\000\040\000a\000n\000d\000\040\000t\000h\000e\000\040\000S\000c\000h\000u\000r\000\040\000c\000o\000m\000p\000l\000e\000m\000e\000n\000t}{section*.2}% 28
\BOOKMARK [1][-]{section*.29}{\376\377\000S\000u\000g\000g\000e\000s\000t\000e\000d\000\040\000n\000u\000m\000e\000r\000i\000c\000a\000l\000\040\000w\000o\000r\000k\000f\000l\000o\000w}{section*.2}% 29
\BOOKMARK [1][-]{section*.30}{\376\377\000R\000e\000f\000e\000r\000e\000n\000c\000e\000s}{section*.2}% 30
